{
  "stats": {
    "suites": 1,
    "tests": 1,
    "passes": 0,
    "pending": 0,
    "failures": 1,
    "start": "2022-12-10T22:32:46.695Z",
    "end": "2022-12-10T22:33:26.223Z",
    "duration": 39528,
    "testsRegistered": 1,
    "passPercent": 0,
    "pendingPercent": 0,
    "other": 0,
    "hasOther": false,
    "skipped": 0,
    "hasSkipped": false
  },
  "results": [
    {
      "uuid": "3dfb42db-1dd2-4637-9339-31c5ec861759",
      "title": "",
      "fullFile": "cypress/e2e/test/addToCart.cy.js",
      "file": "cypress/e2e/test/addToCart.cy.js",
      "beforeHooks": [],
      "afterHooks": [],
      "tests": [],
      "suites": [
        {
          "uuid": "67e82ba8-d5e7-4f93-8442-53095ea954d9",
          "title": "Add to cart",
          "fullFile": "",
          "file": "",
          "beforeHooks": [],
          "afterHooks": [],
          "tests": [
            {
              "title": "add single item to cart",
              "fullTitle": "Add to cart add single item to cart",
              "timedOut": null,
              "duration": 37804,
              "state": "failed",
              "speed": null,
              "pass": false,
              "fail": true,
              "pending": false,
              "context": null,
              "code": "cy.get('button[data-item-name=\"Quality Fitted Hat\"]').scrollIntoView();\ncy.wait(6000);\ncy.get('button[data-item-name=\"Quality Fitted Hat\"]').should('be.visible').click();\ncy.get(\"section.snipcart-cart__content\").should(\"be.visible\");",
              "err": {
                "message": "AssertionError: Timed out retrying after 4000ms: Expected to find element: `section.snipcart-cart__content`, but never found it.",
                "estack": "AssertionError: Timed out retrying after 4000ms: Expected to find element: `section.snipcart-cart__content`, but never found it.\n    at Context.eval (webpack:///./cypress/e2e/test/addToCart.cy.js:24:49)",
                "diff": null
              },
              "uuid": "01f51223-f7e2-49de-b106-6ece6ab30b4d",
              "parentUUID": "67e82ba8-d5e7-4f93-8442-53095ea954d9",
              "isHook": false,
              "skipped": false
            }
          ],
          "suites": [],
          "passes": [],
          "failures": [
            "01f51223-f7e2-49de-b106-6ece6ab30b4d"
          ],
          "pending": [],
          "skipped": [],
          "duration": 37804,
          "root": false,
          "rootEmpty": false,
          "_timeout": 2000
        }
      ],
      "passes": [],
      "failures": [],
      "pending": [],
      "skipped": [],
      "duration": 0,
      "root": true,
      "rootEmpty": true,
      "_timeout": 2000
    }
  ],
  "meta": {
    "mocha": {
      "version": "7.0.1"
    },
    "mochawesome": {
      "options": {
        "quiet": false,
        "reportFilename": "mochawesome",
        "saveHtml": false,
        "saveJson": true,
        "consoleReporter": "spec",
        "useInlineDiffs": false,
        "code": true
      },
      "version": "7.1.3"
    },
    "marge": {
      "options": {
        "reportDir": "cypress/reports",
        "overwrite": false,
        "html": false,
        "json": true
      },
      "version": "6.2.0"
    }
  }
}